Base path: C:/Program Files/Unity/Editor/Data
Cmd: getPlatforms
Cmd: compileSnippet
  api=8 type=0 insize=614 outsize=569 kw= pd=UNITY_NO_LINEAR_COLORSPACE UNITY_ENABLE_REFLECTION_BUFFERS UNITY_PBS_USE_BRDF3 ok=1
Cmd: disassembleShader
  api=13 insize=569 outsize=1718 ok=1
Cmd: compileSnippet
  api=4 type=0 insize=1268 outsize=669 kw= pd=UNITY_ENABLE_REFLECTION_BUFFERS UNITY_PBS_USE_BRDF1 UNITY_SPECCUBE_BOX_PROJECTION UNITY_SPECCUBE_BLENDING ok=1
Cmd: disassembleShader
  api=15 insize=669 outsize=1435 ok=1
Cmd: compileSnippet
  api=8 type=1 insize=1268 outsize=1061 kw= pd=UNITY_NO_LINEAR_COLORSPACE UNITY_ENABLE_REFLECTION_BUFFERS UNITY_PBS_USE_BRDF3 ok=1
Cmd: disassembleShader
  api=14 insize=1061 outsize=2600 ok=1
Cmd: compileSnippet
  api=4 type=0 insize=1299 outsize=669 kw= pd=UNITY_ENABLE_REFLECTION_BUFFERS UNITY_PBS_USE_BRDF1 UNITY_SPECCUBE_BOX_PROJECTION UNITY_SPECCUBE_BLENDING ok=1
Cmd: disassembleShader
  api=15 insize=669 outsize=1435 ok=1
Cmd: compileSnippet
  api=8 type=1 insize=1301 outsize=1061 kw= pd=UNITY_NO_LINEAR_COLORSPACE UNITY_ENABLE_REFLECTION_BUFFERS UNITY_PBS_USE_BRDF3 ok=1
Cmd: disassembleShader
  api=14 insize=1061 outsize=2600 ok=1
Cmd: compileSnippet
  api=4 type=1 insize=842 outsize=297 kw= pd=UNITY_ENABLE_REFLECTION_BUFFERS UNITY_PBS_USE_BRDF1 UNITY_SPECCUBE_BOX_PROJECTION UNITY_SPECCUBE_BLENDING ok=1
Cmd: disassembleShader
  api=17 insize=297 outsize=868 ok=1
Cmd: disassembleShader
  api=17 insize=741 outsize=1528 ok=1
Cmd: compileSnippet
  api=8 type=0 insize=1300 outsize=957 kw= pd=UNITY_NO_LINEAR_COLORSPACE UNITY_ENABLE_REFLECTION_BUFFERS UNITY_PBS_USE_BRDF3 ok=1
Cmd: disassembleShader
  api=13 insize=957 outsize=2459 ok=1
Cmd: compileSnippet
  api=8 type=1 insize=1300 outsize=1061 kw= pd=UNITY_NO_LINEAR_COLORSPACE UNITY_ENABLE_REFLECTION_BUFFERS UNITY_PBS_USE_BRDF3 ok=1
Cmd: disassembleShader
  api=14 insize=1061 outsize=2600 ok=1
Cmd: disassembleShader
  api=14 insize=1061 outsize=2600 ok=1
